2022-11-10 15:17:02,290 [Worker-3: Loading available Gradle versions] INFO  o.e.b.c.i.u.g.PublishedGradleVersions - Gradle version information cache is out-of-date. Trying to update.
2022-11-10 15:19:40,109 [Worker-6: Installing artifact] INFO  o.e.m.c.i.e.AbstractTransferListenerAdapter - Downloaded http://nexusk8s.tjba.jus.br/repository/erebo/org/apache/maven/plugins/maven-clean-plugin/2.5/maven-clean-plugin-2.5.pom
2022-11-10 15:19:40,118 [Worker-6: Installing artifact] INFO  o.e.m.c.i.e.AbstractTransferListenerAdapter - Downloaded http://nexusk8s.tjba.jus.br/repository/maven-public/org/apache/maven/plugins/maven-clean-plugin/2.5/maven-clean-plugin-2.5.pom
2022-11-10 15:19:40,126 [Worker-6: Installing artifact] INFO  o.e.m.c.i.e.AbstractTransferListenerAdapter - Downloaded http://nexusk8s.tjba.jus.br/repository/node-public/org/apache/maven/plugins/maven-clean-plugin/2.5/maven-clean-plugin-2.5.pom
2022-11-10 15:19:41,038 [Worker-6: Installing artifact] INFO  o.e.m.c.i.e.AbstractTransferListenerAdapter - Downloading https://repo.maven.apache.org/maven2/org/apache/maven/plugins/maven-clean-plugin/2.5/maven-clean-plugin-2.5.pom
2022-11-10 15:19:41,307 [Worker-6: Installing artifact] INFO  o.e.m.c.i.e.AbstractTransferListenerAdapter - Downloaded https://repo.maven.apache.org/maven2/org/apache/maven/plugins/maven-clean-plugin/2.5/maven-clean-plugin-2.5.pom
2022-11-10 15:19:41,320 [Worker-6: Installing artifact] INFO  o.e.m.c.i.e.AbstractTransferListenerAdapter - Downloaded http://nexusk8s.tjba.jus.br/repository/erebo/org/apache/maven/plugins/maven-plugins/22/maven-plugins-22.pom
2022-11-10 15:19:41,325 [Worker-6: Installing artifact] INFO  o.e.m.c.i.e.AbstractTransferListenerAdapter - Downloaded http://nexusk8s.tjba.jus.br/repository/maven-public/org/apache/maven/plugins/maven-plugins/22/maven-plugins-22.pom
2022-11-10 15:19:41,329 [Worker-6: Installing artifact] INFO  o.e.m.c.i.e.AbstractTransferListenerAdapter - Downloaded http://nexusk8s.tjba.jus.br/repository/node-public/org/apache/maven/plugins/maven-plugins/22/maven-plugins-22.pom
2022-11-10 15:19:41,469 [Worker-6: Installing artifact] INFO  o.e.m.c.i.e.AbstractTransferListenerAdapter - Downloading https://repo.maven.apache.org/maven2/org/apache/maven/plugins/maven-plugins/22/maven-plugins-22.pom
2022-11-10 15:19:41,633 [Worker-6: Installing artifact] INFO  o.e.m.c.i.e.AbstractTransferListenerAdapter - Downloaded https://repo.maven.apache.org/maven2/org/apache/maven/plugins/maven-plugins/22/maven-plugins-22.pom
2022-11-10 15:19:41,646 [Worker-6: Installing artifact] INFO  o.e.m.c.i.e.AbstractTransferListenerAdapter - Downloaded http://nexusk8s.tjba.jus.br/repository/erebo/org/apache/maven/maven-parent/21/maven-parent-21.pom
2022-11-10 15:19:41,651 [Worker-6: Installing artifact] INFO  o.e.m.c.i.e.AbstractTransferListenerAdapter - Downloaded http://nexusk8s.tjba.jus.br/repository/maven-public/org/apache/maven/maven-parent/21/maven-parent-21.pom
2022-11-10 15:19:41,656 [Worker-6: Installing artifact] INFO  o.e.m.c.i.e.AbstractTransferListenerAdapter - Downloaded http://nexusk8s.tjba.jus.br/repository/node-public/org/apache/maven/maven-parent/21/maven-parent-21.pom
2022-11-10 15:19:41,795 [Worker-6: Installing artifact] INFO  o.e.m.c.i.e.AbstractTransferListenerAdapter - Downloading https://repo.maven.apache.org/maven2/org/apache/maven/maven-parent/21/maven-parent-21.pom
2022-11-10 15:19:41,984 [Worker-6: Installing artifact] INFO  o.e.m.c.i.e.AbstractTransferListenerAdapter - Downloaded https://repo.maven.apache.org/maven2/org/apache/maven/maven-parent/21/maven-parent-21.pom
2022-11-10 15:19:41,996 [Worker-6: Installing artifact] INFO  o.e.m.c.i.e.AbstractTransferListenerAdapter - Downloaded http://nexusk8s.tjba.jus.br/repository/erebo/org/apache/apache/10/apache-10.pom
2022-11-10 15:19:42,001 [Worker-6: Installing artifact] INFO  o.e.m.c.i.e.AbstractTransferListenerAdapter - Downloaded http://nexusk8s.tjba.jus.br/repository/maven-public/org/apache/apache/10/apache-10.pom
2022-11-10 15:19:42,007 [Worker-6: Installing artifact] INFO  o.e.m.c.i.e.AbstractTransferListenerAdapter - Downloaded http://nexusk8s.tjba.jus.br/repository/node-public/org/apache/apache/10/apache-10.pom
2022-11-10 15:19:42,147 [Worker-6: Installing artifact] INFO  o.e.m.c.i.e.AbstractTransferListenerAdapter - Downloading https://repo.maven.apache.org/maven2/org/apache/apache/10/apache-10.pom
2022-11-10 15:19:42,307 [Worker-6: Installing artifact] INFO  o.e.m.c.i.e.AbstractTransferListenerAdapter - Downloaded https://repo.maven.apache.org/maven2/org/apache/apache/10/apache-10.pom
2022-11-10 15:19:42,321 [Worker-6: Installing artifact] INFO  o.e.m.c.i.e.AbstractTransferListenerAdapter - Downloaded http://nexusk8s.tjba.jus.br/repository/erebo/org/apache/maven/plugins/maven-clean-plugin/2.5/maven-clean-plugin-2.5.jar
2022-11-10 15:19:42,329 [Worker-6: Installing artifact] INFO  o.e.m.c.i.e.AbstractTransferListenerAdapter - Downloaded http://nexusk8s.tjba.jus.br/repository/maven-public/org/apache/maven/plugins/maven-clean-plugin/2.5/maven-clean-plugin-2.5.jar
2022-11-10 15:19:42,334 [Worker-6: Installing artifact] INFO  o.e.m.c.i.e.AbstractTransferListenerAdapter - Downloaded http://nexusk8s.tjba.jus.br/repository/node-public/org/apache/maven/plugins/maven-clean-plugin/2.5/maven-clean-plugin-2.5.jar
2022-11-10 15:19:42,475 [Worker-6: Installing artifact] INFO  o.e.m.c.i.e.AbstractTransferListenerAdapter - Downloading https://repo.maven.apache.org/maven2/org/apache/maven/plugins/maven-clean-plugin/2.5/maven-clean-plugin-2.5.jar
2022-11-10 15:19:42,642 [Worker-6: Installing artifact] INFO  o.e.m.c.i.e.AbstractTransferListenerAdapter - Downloaded https://repo.maven.apache.org/maven2/org/apache/maven/plugins/maven-clean-plugin/2.5/maven-clean-plugin-2.5.jar
2022-11-10 15:19:42,655 [Worker-6: Installing artifact] INFO  o.e.m.c.i.e.AbstractTransferListenerAdapter - Downloaded http://nexusk8s.tjba.jus.br/repository/erebo/org/apache/maven/plugins/maven-install-plugin/2.4/maven-install-plugin-2.4.pom
2022-11-10 15:19:42,659 [Worker-6: Installing artifact] INFO  o.e.m.c.i.e.AbstractTransferListenerAdapter - Downloaded http://nexusk8s.tjba.jus.br/repository/maven-public/org/apache/maven/plugins/maven-install-plugin/2.4/maven-install-plugin-2.4.pom
2022-11-10 15:19:42,666 [Worker-6: Installing artifact] INFO  o.e.m.c.i.e.AbstractTransferListenerAdapter - Downloaded http://nexusk8s.tjba.jus.br/repository/node-public/org/apache/maven/plugins/maven-install-plugin/2.4/maven-install-plugin-2.4.pom
2022-11-10 15:19:42,808 [Worker-6: Installing artifact] INFO  o.e.m.c.i.e.AbstractTransferListenerAdapter - Downloading https://repo.maven.apache.org/maven2/org/apache/maven/plugins/maven-install-plugin/2.4/maven-install-plugin-2.4.pom
2022-11-10 15:19:42,955 [Worker-6: Installing artifact] INFO  o.e.m.c.i.e.AbstractTransferListenerAdapter - Downloaded https://repo.maven.apache.org/maven2/org/apache/maven/plugins/maven-install-plugin/2.4/maven-install-plugin-2.4.pom
2022-11-10 15:19:42,962 [Worker-6: Installing artifact] INFO  o.e.m.c.i.e.AbstractTransferListenerAdapter - Downloaded http://nexusk8s.tjba.jus.br/repository/erebo/org/apache/maven/plugins/maven-plugins/23/maven-plugins-23.pom
2022-11-10 15:19:42,967 [Worker-6: Installing artifact] INFO  o.e.m.c.i.e.AbstractTransferListenerAdapter - Downloaded http://nexusk8s.tjba.jus.br/repository/maven-public/org/apache/maven/plugins/maven-plugins/23/maven-plugins-23.pom
2022-11-10 15:19:42,972 [Worker-6: Installing artifact] INFO  o.e.m.c.i.e.AbstractTransferListenerAdapter - Downloaded http://nexusk8s.tjba.jus.br/repository/node-public/org/apache/maven/plugins/maven-plugins/23/maven-plugins-23.pom
2022-11-10 15:19:43,114 [Worker-6: Installing artifact] INFO  o.e.m.c.i.e.AbstractTransferListenerAdapter - Downloading https://repo.maven.apache.org/maven2/org/apache/maven/plugins/maven-plugins/23/maven-plugins-23.pom
2022-11-10 15:19:43,262 [Worker-6: Installing artifact] INFO  o.e.m.c.i.e.AbstractTransferListenerAdapter - Downloaded https://repo.maven.apache.org/maven2/org/apache/maven/plugins/maven-plugins/23/maven-plugins-23.pom
2022-11-10 15:19:43,291 [Worker-6: Installing artifact] INFO  o.e.m.c.i.e.AbstractTransferListenerAdapter - Downloaded http://nexusk8s.tjba.jus.br/repository/erebo/org/apache/maven/plugins/maven-install-plugin/2.4/maven-install-plugin-2.4.jar
2022-11-10 15:19:43,296 [Worker-6: Installing artifact] INFO  o.e.m.c.i.e.AbstractTransferListenerAdapter - Downloaded http://nexusk8s.tjba.jus.br/repository/maven-public/org/apache/maven/plugins/maven-install-plugin/2.4/maven-install-plugin-2.4.jar
2022-11-10 15:19:43,301 [Worker-6: Installing artifact] INFO  o.e.m.c.i.e.AbstractTransferListenerAdapter - Downloaded http://nexusk8s.tjba.jus.br/repository/node-public/org/apache/maven/plugins/maven-install-plugin/2.4/maven-install-plugin-2.4.jar
2022-11-10 15:19:43,444 [Worker-6: Installing artifact] INFO  o.e.m.c.i.e.AbstractTransferListenerAdapter - Downloading https://repo.maven.apache.org/maven2/org/apache/maven/plugins/maven-install-plugin/2.4/maven-install-plugin-2.4.jar
2022-11-10 15:19:43,615 [Worker-6: Installing artifact] INFO  o.e.m.c.i.e.AbstractTransferListenerAdapter - Downloaded https://repo.maven.apache.org/maven2/org/apache/maven/plugins/maven-install-plugin/2.4/maven-install-plugin-2.4.jar
2022-11-10 15:19:43,652 [Worker-6: Installing artifact] INFO  o.e.m.c.i.e.AbstractTransferListenerAdapter - Downloaded http://nexusk8s.tjba.jus.br/repository/erebo/org/apache/maven/maven-plugin-api/2.0.6/maven-plugin-api-2.0.6.pom
2022-11-10 15:19:43,657 [Worker-6: Installing artifact] INFO  o.e.m.c.i.e.AbstractTransferListenerAdapter - Downloaded http://nexusk8s.tjba.jus.br/repository/maven-public/org/apache/maven/maven-plugin-api/2.0.6/maven-plugin-api-2.0.6.pom
2022-11-10 15:19:43,662 [Worker-6: Installing artifact] INFO  o.e.m.c.i.e.AbstractTransferListenerAdapter - Downloaded http://nexusk8s.tjba.jus.br/repository/node-public/org/apache/maven/maven-plugin-api/2.0.6/maven-plugin-api-2.0.6.pom
2022-11-10 15:19:43,801 [Worker-6: Installing artifact] INFO  o.e.m.c.i.e.AbstractTransferListenerAdapter - Downloading https://repo.maven.apache.org/maven2/org/apache/maven/maven-plugin-api/2.0.6/maven-plugin-api-2.0.6.pom
2022-11-10 15:19:43,947 [Worker-6: Installing artifact] INFO  o.e.m.c.i.e.AbstractTransferListenerAdapter - Downloaded https://repo.maven.apache.org/maven2/org/apache/maven/maven-plugin-api/2.0.6/maven-plugin-api-2.0.6.pom
2022-11-10 15:19:43,953 [Worker-6: Installing artifact] INFO  o.e.m.c.i.e.AbstractTransferListenerAdapter - Downloaded http://nexusk8s.tjba.jus.br/repository/erebo/org/apache/maven/maven/2.0.6/maven-2.0.6.pom
2022-11-10 15:19:43,957 [Worker-6: Installing artifact] INFO  o.e.m.c.i.e.AbstractTransferListenerAdapter - Downloaded http://nexusk8s.tjba.jus.br/repository/maven-public/org/apache/maven/maven/2.0.6/maven-2.0.6.pom
2022-11-10 15:19:43,961 [Worker-6: Installing artifact] INFO  o.e.m.c.i.e.AbstractTransferListenerAdapter - Downloaded http://nexusk8s.tjba.jus.br/repository/node-public/org/apache/maven/maven/2.0.6/maven-2.0.6.pom
2022-11-10 15:19:44,100 [Worker-6: Installing artifact] INFO  o.e.m.c.i.e.AbstractTransferListenerAdapter - Downloading https://repo.maven.apache.org/maven2/org/apache/maven/maven/2.0.6/maven-2.0.6.pom
2022-11-10 15:19:44,256 [Worker-6: Installing artifact] INFO  o.e.m.c.i.e.AbstractTransferListenerAdapter - Downloaded https://repo.maven.apache.org/maven2/org/apache/maven/maven/2.0.6/maven-2.0.6.pom
2022-11-10 15:19:44,268 [Worker-6: Installing artifact] INFO  o.e.m.c.i.e.AbstractTransferListenerAdapter - Downloaded http://nexusk8s.tjba.jus.br/repository/erebo/org/apache/maven/maven-parent/5/maven-parent-5.pom
2022-11-10 15:19:44,272 [Worker-6: Installing artifact] INFO  o.e.m.c.i.e.AbstractTransferListenerAdapter - Downloaded http://nexusk8s.tjba.jus.br/repository/maven-public/org/apache/maven/maven-parent/5/maven-parent-5.pom
2022-11-10 15:19:44,277 [Worker-6: Installing artifact] INFO  o.e.m.c.i.e.AbstractTransferListenerAdapter - Downloaded http://nexusk8s.tjba.jus.br/repository/node-public/org/apache/maven/maven-parent/5/maven-parent-5.pom
2022-11-10 15:19:44,420 [Worker-6: Installing artifact] INFO  o.e.m.c.i.e.AbstractTransferListenerAdapter - Downloading https://repo.maven.apache.org/maven2/org/apache/maven/maven-parent/5/maven-parent-5.pom
2022-11-10 15:19:44,577 [Worker-6: Installing artifact] INFO  o.e.m.c.i.e.AbstractTransferListenerAdapter - Downloaded https://repo.maven.apache.org/maven2/org/apache/maven/maven-parent/5/maven-parent-5.pom
2022-11-10 15:19:44,582 [Worker-6: Installing artifact] INFO  o.e.m.c.i.e.AbstractTransferListenerAdapter - Downloaded http://nexusk8s.tjba.jus.br/repository/erebo/org/apache/apache/3/apache-3.pom
2022-11-10 15:19:44,588 [Worker-6: Installing artifact] INFO  o.e.m.c.i.e.AbstractTransferListenerAdapter - Downloaded http://nexusk8s.tjba.jus.br/repository/maven-public/org/apache/apache/3/apache-3.pom
2022-11-10 15:19:44,593 [Worker-6: Installing artifact] INFO  o.e.m.c.i.e.AbstractTransferListenerAdapter - Downloaded http://nexusk8s.tjba.jus.br/repository/node-public/org/apache/apache/3/apache-3.pom
2022-11-10 15:19:44,751 [Worker-6: Installing artifact] INFO  o.e.m.c.i.e.AbstractTransferListenerAdapter - Downloading https://repo.maven.apache.org/maven2/org/apache/apache/3/apache-3.pom
2022-11-10 15:19:44,898 [Worker-6: Installing artifact] INFO  o.e.m.c.i.e.AbstractTransferListenerAdapter - Downloaded https://repo.maven.apache.org/maven2/org/apache/apache/3/apache-3.pom
2022-11-10 15:19:44,907 [Worker-6: Installing artifact] INFO  o.e.m.c.i.e.AbstractTransferListenerAdapter - Downloaded http://nexusk8s.tjba.jus.br/repository/erebo/org/apache/maven/maven-project/2.0.6/maven-project-2.0.6.pom
2022-11-10 15:19:44,911 [Worker-6: Installing artifact] INFO  o.e.m.c.i.e.AbstractTransferListenerAdapter - Downloaded http://nexusk8s.tjba.jus.br/repository/maven-public/org/apache/maven/maven-project/2.0.6/maven-project-2.0.6.pom
2022-11-10 15:19:44,916 [Worker-6: Installing artifact] INFO  o.e.m.c.i.e.AbstractTransferListenerAdapter - Downloaded http://nexusk8s.tjba.jus.br/repository/node-public/org/apache/maven/maven-project/2.0.6/maven-project-2.0.6.pom
2022-11-10 15:19:45,056 [Worker-6: Installing artifact] INFO  o.e.m.c.i.e.AbstractTransferListenerAdapter - Downloading https://repo.maven.apache.org/maven2/org/apache/maven/maven-project/2.0.6/maven-project-2.0.6.pom
2022-11-10 15:19:45,198 [Worker-6: Installing artifact] INFO  o.e.m.c.i.e.AbstractTransferListenerAdapter - Downloaded https://repo.maven.apache.org/maven2/org/apache/maven/maven-project/2.0.6/maven-project-2.0.6.pom
2022-11-10 15:19:45,207 [Worker-6: Installing artifact] INFO  o.e.m.c.i.e.AbstractTransferListenerAdapter - Downloaded http://nexusk8s.tjba.jus.br/repository/erebo/org/apache/maven/maven-settings/2.0.6/maven-settings-2.0.6.pom
2022-11-10 15:19:45,212 [Worker-6: Installing artifact] INFO  o.e.m.c.i.e.AbstractTransferListenerAdapter - Downloaded http://nexusk8s.tjba.jus.br/repository/maven-public/org/apache/maven/maven-settings/2.0.6/maven-settings-2.0.6.pom
2022-11-10 15:19:45,216 [Worker-6: Installing artifact] INFO  o.e.m.c.i.e.AbstractTransferListenerAdapter - Downloaded http://nexusk8s.tjba.jus.br/repository/node-public/org/apache/maven/maven-settings/2.0.6/maven-settings-2.0.6.pom
2022-11-10 15:19:45,356 [Worker-6: Installing artifact] INFO  o.e.m.c.i.e.AbstractTransferListenerAdapter - Downloading https://repo.maven.apache.org/maven2/org/apache/maven/maven-settings/2.0.6/maven-settings-2.0.6.pom
2022-11-10 15:19:45,507 [Worker-6: Installing artifact] INFO  o.e.m.c.i.e.AbstractTransferListenerAdapter - Downloaded https://repo.maven.apache.org/maven2/org/apache/maven/maven-settings/2.0.6/maven-settings-2.0.6.pom
2022-11-10 15:19:45,515 [Worker-6: Installing artifact] INFO  o.e.m.c.i.e.AbstractTransferListenerAdapter - Downloaded http://nexusk8s.tjba.jus.br/repository/erebo/org/apache/maven/maven-model/2.0.6/maven-model-2.0.6.pom
2022-11-10 15:19:45,519 [Worker-6: Installing artifact] INFO  o.e.m.c.i.e.AbstractTransferListenerAdapter - Downloaded http://nexusk8s.tjba.jus.br/repository/maven-public/org/apache/maven/maven-model/2.0.6/maven-model-2.0.6.pom
2022-11-10 15:19:45,522 [Worker-6: Installing artifact] INFO  o.e.m.c.i.e.AbstractTransferListenerAdapter - Downloaded http://nexusk8s.tjba.jus.br/repository/node-public/org/apache/maven/maven-model/2.0.6/maven-model-2.0.6.pom
2022-11-10 15:19:45,660 [Worker-6: Installing artifact] INFO  o.e.m.c.i.e.AbstractTransferListenerAdapter - Downloading https://repo.maven.apache.org/maven2/org/apache/maven/maven-model/2.0.6/maven-model-2.0.6.pom
2022-11-10 15:19:45,811 [Worker-6: Installing artifact] INFO  o.e.m.c.i.e.AbstractTransferListenerAdapter - Downloaded https://repo.maven.apache.org/maven2/org/apache/maven/maven-model/2.0.6/maven-model-2.0.6.pom
2022-11-10 15:19:45,827 [Worker-6: Installing artifact] INFO  o.e.m.c.i.e.AbstractTransferListenerAdapter - Downloaded http://nexusk8s.tjba.jus.br/repository/erebo/org/codehaus/plexus/plexus-utils/1.4.1/plexus-utils-1.4.1.pom
2022-11-10 15:19:45,834 [Worker-6: Installing artifact] INFO  o.e.m.c.i.e.AbstractTransferListenerAdapter - Downloaded http://nexusk8s.tjba.jus.br/repository/maven-public/org/codehaus/plexus/plexus-utils/1.4.1/plexus-utils-1.4.1.pom
2022-11-10 15:19:45,841 [Worker-6: Installing artifact] INFO  o.e.m.c.i.e.AbstractTransferListenerAdapter - Downloaded http://nexusk8s.tjba.jus.br/repository/node-public/org/codehaus/plexus/plexus-utils/1.4.1/plexus-utils-1.4.1.pom
2022-11-10 15:19:45,984 [Worker-6: Installing artifact] INFO  o.e.m.c.i.e.AbstractTransferListenerAdapter - Downloading https://repo.maven.apache.org/maven2/org/codehaus/plexus/plexus-utils/1.4.1/plexus-utils-1.4.1.pom
2022-11-10 15:19:46,129 [Worker-6: Installing artifact] INFO  o.e.m.c.i.e.AbstractTransferListenerAdapter - Downloaded https://repo.maven.apache.org/maven2/org/codehaus/plexus/plexus-utils/1.4.1/plexus-utils-1.4.1.pom
2022-11-10 15:19:46,159 [Worker-6: Installing artifact] INFO  o.e.m.c.i.e.AbstractTransferListenerAdapter - Downloaded http://nexusk8s.tjba.jus.br/repository/erebo/org/codehaus/plexus/plexus-container-default/1.0-alpha-9-stable-1/plexus-container-default-1.0-alpha-9-stable-1.pom
2022-11-10 15:19:46,162 [Worker-6: Installing artifact] INFO  o.e.m.c.i.e.AbstractTransferListenerAdapter - Downloaded http://nexusk8s.tjba.jus.br/repository/maven-public/org/codehaus/plexus/plexus-container-default/1.0-alpha-9-stable-1/plexus-container-default-1.0-alpha-9-stable-1.pom
2022-11-10 15:19:46,167 [Worker-6: Installing artifact] INFO  o.e.m.c.i.e.AbstractTransferListenerAdapter - Downloaded http://nexusk8s.tjba.jus.br/repository/node-public/org/codehaus/plexus/plexus-container-default/1.0-alpha-9-stable-1/plexus-container-default-1.0-alpha-9-stable-1.pom
2022-11-10 15:19:46,306 [Worker-6: Installing artifact] INFO  o.e.m.c.i.e.AbstractTransferListenerAdapter - Downloading https://repo.maven.apache.org/maven2/org/codehaus/plexus/plexus-container-default/1.0-alpha-9-stable-1/plexus-container-default-1.0-alpha-9-stable-1.pom
2022-11-10 15:19:46,450 [Worker-6: Installing artifact] INFO  o.e.m.c.i.e.AbstractTransferListenerAdapter - Downloaded https://repo.maven.apache.org/maven2/org/codehaus/plexus/plexus-container-default/1.0-alpha-9-stable-1/plexus-container-default-1.0-alpha-9-stable-1.pom
2022-11-10 15:19:46,458 [Worker-6: Installing artifact] INFO  o.e.m.c.i.e.AbstractTransferListenerAdapter - Downloaded http://nexusk8s.tjba.jus.br/repository/erebo/org/codehaus/plexus/plexus-containers/1.0.3/plexus-containers-1.0.3.pom
2022-11-10 15:19:46,463 [Worker-6: Installing artifact] INFO  o.e.m.c.i.e.AbstractTransferListenerAdapter - Downloaded http://nexusk8s.tjba.jus.br/repository/maven-public/org/codehaus/plexus/plexus-containers/1.0.3/plexus-containers-1.0.3.pom
2022-11-10 15:19:46,468 [Worker-6: Installing artifact] INFO  o.e.m.c.i.e.AbstractTransferListenerAdapter - Downloaded http://nexusk8s.tjba.jus.br/repository/node-public/org/codehaus/plexus/plexus-containers/1.0.3/plexus-containers-1.0.3.pom
2022-11-10 15:19:46,605 [Worker-6: Installing artifact] INFO  o.e.m.c.i.e.AbstractTransferListenerAdapter - Downloading https://repo.maven.apache.org/maven2/org/codehaus/plexus/plexus-containers/1.0.3/plexus-containers-1.0.3.pom
2022-11-10 15:19:46,756 [Worker-6: Installing artifact] INFO  o.e.m.c.i.e.AbstractTransferListenerAdapter - Downloaded https://repo.maven.apache.org/maven2/org/codehaus/plexus/plexus-containers/1.0.3/plexus-containers-1.0.3.pom
2022-11-10 15:19:46,764 [Worker-6: Installing artifact] INFO  o.e.m.c.i.e.AbstractTransferListenerAdapter - Downloaded http://nexusk8s.tjba.jus.br/repository/erebo/org/codehaus/plexus/plexus/1.0.4/plexus-1.0.4.pom
2022-11-10 15:19:46,771 [Worker-6: Installing artifact] INFO  o.e.m.c.i.e.AbstractTransferListenerAdapter - Downloaded http://nexusk8s.tjba.jus.br/repository/maven-public/org/codehaus/plexus/plexus/1.0.4/plexus-1.0.4.pom
2022-11-10 15:19:46,776 [Worker-6: Installing artifact] INFO  o.e.m.c.i.e.AbstractTransferListenerAdapter - Downloaded http://nexusk8s.tjba.jus.br/repository/node-public/org/codehaus/plexus/plexus/1.0.4/plexus-1.0.4.pom
2022-11-10 15:19:46,919 [Worker-6: Installing artifact] INFO  o.e.m.c.i.e.AbstractTransferListenerAdapter - Downloading https://repo.maven.apache.org/maven2/org/codehaus/plexus/plexus/1.0.4/plexus-1.0.4.pom
2022-11-10 15:19:47,068 [Worker-6: Installing artifact] INFO  o.e.m.c.i.e.AbstractTransferListenerAdapter - Downloaded https://repo.maven.apache.org/maven2/org/codehaus/plexus/plexus/1.0.4/plexus-1.0.4.pom
2022-11-10 15:19:47,086 [Worker-6: Installing artifact] INFO  o.e.m.c.i.e.AbstractTransferListenerAdapter - Downloaded http://nexusk8s.tjba.jus.br/repository/erebo/junit/junit/3.8.1/junit-3.8.1.pom
2022-11-10 15:19:47,089 [Worker-6: Installing artifact] INFO  o.e.m.c.i.e.AbstractTransferListenerAdapter - Downloaded http://nexusk8s.tjba.jus.br/repository/maven-public/junit/junit/3.8.1/junit-3.8.1.pom
2022-11-10 15:19:47,092 [Worker-6: Installing artifact] INFO  o.e.m.c.i.e.AbstractTransferListenerAdapter - Downloaded http://nexusk8s.tjba.jus.br/repository/node-public/junit/junit/3.8.1/junit-3.8.1.pom
2022-11-10 15:19:47,231 [Worker-6: Installing artifact] INFO  o.e.m.c.i.e.AbstractTransferListenerAdapter - Downloading https://repo.maven.apache.org/maven2/junit/junit/3.8.1/junit-3.8.1.pom
2022-11-10 15:19:47,374 [Worker-6: Installing artifact] INFO  o.e.m.c.i.e.AbstractTransferListenerAdapter - Downloaded https://repo.maven.apache.org/maven2/junit/junit/3.8.1/junit-3.8.1.pom
2022-11-10 15:19:47,380 [Worker-6: Installing artifact] INFO  o.e.m.c.i.e.AbstractTransferListenerAdapter - Downloaded http://nexusk8s.tjba.jus.br/repository/erebo/org/codehaus/plexus/plexus-utils/1.0.4/plexus-utils-1.0.4.pom
2022-11-10 15:19:47,384 [Worker-6: Installing artifact] INFO  o.e.m.c.i.e.AbstractTransferListenerAdapter - Downloaded http://nexusk8s.tjba.jus.br/repository/maven-public/org/codehaus/plexus/plexus-utils/1.0.4/plexus-utils-1.0.4.pom
2022-11-10 15:19:47,389 [Worker-6: Installing artifact] INFO  o.e.m.c.i.e.AbstractTransferListenerAdapter - Downloaded http://nexusk8s.tjba.jus.br/repository/node-public/org/codehaus/plexus/plexus-utils/1.0.4/plexus-utils-1.0.4.pom
2022-11-10 15:19:47,529 [Worker-6: Installing artifact] INFO  o.e.m.c.i.e.AbstractTransferListenerAdapter - Downloading https://repo.maven.apache.org/maven2/org/codehaus/plexus/plexus-utils/1.0.4/plexus-utils-1.0.4.pom
2022-11-10 15:19:47,682 [Worker-6: Installing artifact] INFO  o.e.m.c.i.e.AbstractTransferListenerAdapter - Downloaded https://repo.maven.apache.org/maven2/org/codehaus/plexus/plexus-utils/1.0.4/plexus-utils-1.0.4.pom
2022-11-10 15:19:47,689 [Worker-6: Installing artifact] INFO  o.e.m.c.i.e.AbstractTransferListenerAdapter - Downloaded http://nexusk8s.tjba.jus.br/repository/erebo/classworlds/classworlds/1.1-alpha-2/classworlds-1.1-alpha-2.pom
2022-11-10 15:19:47,692 [Worker-6: Installing artifact] INFO  o.e.m.c.i.e.AbstractTransferListenerAdapter - Downloaded http://nexusk8s.tjba.jus.br/repository/maven-public/classworlds/classworlds/1.1-alpha-2/classworlds-1.1-alpha-2.pom
2022-11-10 15:19:47,695 [Worker-6: Installing artifact] INFO  o.e.m.c.i.e.AbstractTransferListenerAdapter - Downloaded http://nexusk8s.tjba.jus.br/repository/node-public/classworlds/classworlds/1.1-alpha-2/classworlds-1.1-alpha-2.pom
2022-11-10 15:19:47,832 [Worker-6: Installing artifact] INFO  o.e.m.c.i.e.AbstractTransferListenerAdapter - Downloading https://repo.maven.apache.org/maven2/classworlds/classworlds/1.1-alpha-2/classworlds-1.1-alpha-2.pom
2022-11-10 15:19:47,975 [Worker-6: Installing artifact] INFO  o.e.m.c.i.e.AbstractTransferListenerAdapter - Downloaded https://repo.maven.apache.org/maven2/classworlds/classworlds/1.1-alpha-2/classworlds-1.1-alpha-2.pom
2022-11-10 15:19:47,982 [Worker-6: Installing artifact] INFO  o.e.m.c.i.e.AbstractTransferListenerAdapter - Downloaded http://nexusk8s.tjba.jus.br/repository/erebo/org/apache/maven/maven-profile/2.0.6/maven-profile-2.0.6.pom
2022-11-10 15:19:47,986 [Worker-6: Installing artifact] INFO  o.e.m.c.i.e.AbstractTransferListenerAdapter - Downloaded http://nexusk8s.tjba.jus.br/repository/maven-public/org/apache/maven/maven-profile/2.0.6/maven-profile-2.0.6.pom
2022-11-10 15:19:47,989 [Worker-6: Installing artifact] INFO  o.e.m.c.i.e.AbstractTransferListenerAdapter - Downloaded http://nexusk8s.tjba.jus.br/repository/node-public/org/apache/maven/maven-profile/2.0.6/maven-profile-2.0.6.pom
2022-11-10 15:19:48,128 [Worker-6: Installing artifact] INFO  o.e.m.c.i.e.AbstractTransferListenerAdapter - Downloading https://repo.maven.apache.org/maven2/org/apache/maven/maven-profile/2.0.6/maven-profile-2.0.6.pom
2022-11-10 15:19:48,270 [Worker-6: Installing artifact] INFO  o.e.m.c.i.e.AbstractTransferListenerAdapter - Downloaded https://repo.maven.apache.org/maven2/org/apache/maven/maven-profile/2.0.6/maven-profile-2.0.6.pom
2022-11-10 15:19:48,277 [Worker-6: Installing artifact] INFO  o.e.m.c.i.e.AbstractTransferListenerAdapter - Downloaded http://nexusk8s.tjba.jus.br/repository/erebo/org/apache/maven/maven-artifact-manager/2.0.6/maven-artifact-manager-2.0.6.pom
2022-11-10 15:19:48,282 [Worker-6: Installing artifact] INFO  o.e.m.c.i.e.AbstractTransferListenerAdapter - Downloaded http://nexusk8s.tjba.jus.br/repository/maven-public/org/apache/maven/maven-artifact-manager/2.0.6/maven-artifact-manager-2.0.6.pom
2022-11-10 15:19:48,285 [Worker-6: Installing artifact] INFO  o.e.m.c.i.e.AbstractTransferListenerAdapter - Downloaded http://nexusk8s.tjba.jus.br/repository/node-public/org/apache/maven/maven-artifact-manager/2.0.6/maven-artifact-manager-2.0.6.pom
2022-11-10 15:19:48,424 [Worker-6: Installing artifact] INFO  o.e.m.c.i.e.AbstractTransferListenerAdapter - Downloading https://repo.maven.apache.org/maven2/org/apache/maven/maven-artifact-manager/2.0.6/maven-artifact-manager-2.0.6.pom
2022-11-10 15:19:48,571 [Worker-6: Installing artifact] INFO  o.e.m.c.i.e.AbstractTransferListenerAdapter - Downloaded https://repo.maven.apache.org/maven2/org/apache/maven/maven-artifact-manager/2.0.6/maven-artifact-manager-2.0.6.pom
2022-11-10 15:19:48,592 [Worker-6: Installing artifact] INFO  o.e.m.c.i.e.AbstractTransferListenerAdapter - Downloaded http://nexusk8s.tjba.jus.br/repository/erebo/org/apache/maven/maven-repository-metadata/2.0.6/maven-repository-metadata-2.0.6.pom
2022-11-10 15:19:48,598 [Worker-6: Installing artifact] INFO  o.e.m.c.i.e.AbstractTransferListenerAdapter - Downloaded http://nexusk8s.tjba.jus.br/repository/maven-public/org/apache/maven/maven-repository-metadata/2.0.6/maven-repository-metadata-2.0.6.pom
2022-11-10 15:19:48,603 [Worker-6: Installing artifact] INFO  o.e.m.c.i.e.AbstractTransferListenerAdapter - Downloaded http://nexusk8s.tjba.jus.br/repository/node-public/org/apache/maven/maven-repository-metadata/2.0.6/maven-repository-metadata-2.0.6.pom
2022-11-10 15:19:48,744 [Worker-6: Installing artifact] INFO  o.e.m.c.i.e.AbstractTransferListenerAdapter - Downloading https://repo.maven.apache.org/maven2/org/apache/maven/maven-repository-metadata/2.0.6/maven-repository-metadata-2.0.6.pom
2022-11-10 15:19:48,886 [Worker-6: Installing artifact] INFO  o.e.m.c.i.e.AbstractTransferListenerAdapter - Downloaded https://repo.maven.apache.org/maven2/org/apache/maven/maven-repository-metadata/2.0.6/maven-repository-metadata-2.0.6.pom
2022-11-10 15:19:48,895 [Worker-6: Installing artifact] INFO  o.e.m.c.i.e.AbstractTransferListenerAdapter - Downloaded http://nexusk8s.tjba.jus.br/repository/erebo/org/apache/maven/maven-artifact/2.0.6/maven-artifact-2.0.6.pom
2022-11-10 15:19:48,899 [Worker-6: Installing artifact] INFO  o.e.m.c.i.e.AbstractTransferListenerAdapter - Downloaded http://nexusk8s.tjba.jus.br/repository/maven-public/org/apache/maven/maven-artifact/2.0.6/maven-artifact-2.0.6.pom
2022-11-10 15:19:48,902 [Worker-6: Installing artifact] INFO  o.e.m.c.i.e.AbstractTransferListenerAdapter - Downloaded http://nexusk8s.tjba.jus.br/repository/node-public/org/apache/maven/maven-artifact/2.0.6/maven-artifact-2.0.6.pom
2022-11-10 15:19:49,040 [Worker-6: Installing artifact] INFO  o.e.m.c.i.e.AbstractTransferListenerAdapter - Downloading https://repo.maven.apache.org/maven2/org/apache/maven/maven-artifact/2.0.6/maven-artifact-2.0.6.pom
2022-11-10 15:19:49,185 [Worker-6: Installing artifact] INFO  o.e.m.c.i.e.AbstractTransferListenerAdapter - Downloaded https://repo.maven.apache.org/maven2/org/apache/maven/maven-artifact/2.0.6/maven-artifact-2.0.6.pom
2022-11-10 15:19:49,201 [Worker-6: Installing artifact] INFO  o.e.m.c.i.e.AbstractTransferListenerAdapter - Downloaded http://nexusk8s.tjba.jus.br/repository/erebo/org/apache/maven/maven-plugin-registry/2.0.6/maven-plugin-registry-2.0.6.pom
2022-11-10 15:19:49,208 [Worker-6: Installing artifact] INFO  o.e.m.c.i.e.AbstractTransferListenerAdapter - Downloaded http://nexusk8s.tjba.jus.br/repository/maven-public/org/apache/maven/maven-plugin-registry/2.0.6/maven-plugin-registry-2.0.6.pom
2022-11-10 15:19:49,215 [Worker-6: Installing artifact] INFO  o.e.m.c.i.e.AbstractTransferListenerAdapter - Downloaded http://nexusk8s.tjba.jus.br/repository/node-public/org/apache/maven/maven-plugin-registry/2.0.6/maven-plugin-registry-2.0.6.pom
2022-11-10 15:19:49,356 [Worker-6: Installing artifact] INFO  o.e.m.c.i.e.AbstractTransferListenerAdapter - Downloading https://repo.maven.apache.org/maven2/org/apache/maven/maven-plugin-registry/2.0.6/maven-plugin-registry-2.0.6.pom
2022-11-10 15:19:49,499 [Worker-6: Installing artifact] INFO  o.e.m.c.i.e.AbstractTransferListenerAdapter - Downloaded https://repo.maven.apache.org/maven2/org/apache/maven/maven-plugin-registry/2.0.6/maven-plugin-registry-2.0.6.pom
2022-11-10 15:19:49,509 [Worker-6: Installing artifact] INFO  o.e.m.c.i.e.AbstractTransferListenerAdapter - Downloaded http://nexusk8s.tjba.jus.br/repository/erebo/org/codehaus/plexus/plexus-utils/3.0.5/plexus-utils-3.0.5.pom
2022-11-10 15:19:49,515 [Worker-6: Installing artifact] INFO  o.e.m.c.i.e.AbstractTransferListenerAdapter - Downloaded http://nexusk8s.tjba.jus.br/repository/maven-public/org/codehaus/plexus/plexus-utils/3.0.5/plexus-utils-3.0.5.pom
2022-11-10 15:19:49,518 [Worker-6: Installing artifact] INFO  o.e.m.c.i.e.AbstractTransferListenerAdapter - Downloaded http://nexusk8s.tjba.jus.br/repository/node-public/org/codehaus/plexus/plexus-utils/3.0.5/plexus-utils-3.0.5.pom
2022-11-10 15:19:49,656 [Worker-6: Installing artifact] INFO  o.e.m.c.i.e.AbstractTransferListenerAdapter - Downloading https://repo.maven.apache.org/maven2/org/codehaus/plexus/plexus-utils/3.0.5/plexus-utils-3.0.5.pom
2022-11-10 15:19:49,816 [Worker-6: Installing artifact] INFO  o.e.m.c.i.e.AbstractTransferListenerAdapter - Downloaded https://repo.maven.apache.org/maven2/org/codehaus/plexus/plexus-utils/3.0.5/plexus-utils-3.0.5.pom
2022-11-10 15:19:49,821 [Worker-6: Installing artifact] INFO  o.e.m.c.i.e.AbstractTransferListenerAdapter - Downloaded http://nexusk8s.tjba.jus.br/repository/erebo/org/codehaus/plexus/plexus/3.1/plexus-3.1.pom
2022-11-10 15:19:49,824 [Worker-6: Installing artifact] INFO  o.e.m.c.i.e.AbstractTransferListenerAdapter - Downloaded http://nexusk8s.tjba.jus.br/repository/maven-public/org/codehaus/plexus/plexus/3.1/plexus-3.1.pom
2022-11-10 15:19:49,828 [Worker-6: Installing artifact] INFO  o.e.m.c.i.e.AbstractTransferListenerAdapter - Downloaded http://nexusk8s.tjba.jus.br/repository/node-public/org/codehaus/plexus/plexus/3.1/plexus-3.1.pom
2022-11-10 15:19:49,966 [Worker-6: Installing artifact] INFO  o.e.m.c.i.e.AbstractTransferListenerAdapter - Downloading https://repo.maven.apache.org/maven2/org/codehaus/plexus/plexus/3.1/plexus-3.1.pom
2022-11-10 15:19:50,133 [Worker-6: Installing artifact] INFO  o.e.m.c.i.e.AbstractTransferListenerAdapter - Downloaded https://repo.maven.apache.org/maven2/org/codehaus/plexus/plexus/3.1/plexus-3.1.pom
2022-11-10 15:19:50,237 [Worker-6: Installing artifact] INFO  o.e.m.c.i.e.AbstractTransferListenerAdapter - Downloaded http://nexusk8s.tjba.jus.br/repository/erebo/org/codehaus/plexus/plexus-digest/1.0/plexus-digest-1.0.pom
2022-11-10 15:19:50,239 [Worker-6: Installing artifact] INFO  o.e.m.c.i.e.AbstractTransferListenerAdapter - Downloaded http://nexusk8s.tjba.jus.br/repository/maven-public/org/codehaus/plexus/plexus-digest/1.0/plexus-digest-1.0.pom
2022-11-10 15:19:50,243 [Worker-6: Installing artifact] INFO  o.e.m.c.i.e.AbstractTransferListenerAdapter - Downloaded http://nexusk8s.tjba.jus.br/repository/node-public/org/codehaus/plexus/plexus-digest/1.0/plexus-digest-1.0.pom
2022-11-10 15:19:50,384 [Worker-6: Installing artifact] INFO  o.e.m.c.i.e.AbstractTransferListenerAdapter - Downloading https://repo.maven.apache.org/maven2/org/codehaus/plexus/plexus-digest/1.0/plexus-digest-1.0.pom
2022-11-10 15:19:50,527 [Worker-6: Installing artifact] INFO  o.e.m.c.i.e.AbstractTransferListenerAdapter - Downloaded https://repo.maven.apache.org/maven2/org/codehaus/plexus/plexus-digest/1.0/plexus-digest-1.0.pom
2022-11-10 15:19:50,533 [Worker-6: Installing artifact] INFO  o.e.m.c.i.e.AbstractTransferListenerAdapter - Downloaded http://nexusk8s.tjba.jus.br/repository/erebo/org/codehaus/plexus/plexus-components/1.1.7/plexus-components-1.1.7.pom
2022-11-10 15:19:50,537 [Worker-6: Installing artifact] INFO  o.e.m.c.i.e.AbstractTransferListenerAdapter - Downloaded http://nexusk8s.tjba.jus.br/repository/maven-public/org/codehaus/plexus/plexus-components/1.1.7/plexus-components-1.1.7.pom
2022-11-10 15:19:50,540 [Worker-6: Installing artifact] INFO  o.e.m.c.i.e.AbstractTransferListenerAdapter - Downloaded http://nexusk8s.tjba.jus.br/repository/node-public/org/codehaus/plexus/plexus-components/1.1.7/plexus-components-1.1.7.pom
2022-11-10 15:19:50,681 [Worker-6: Installing artifact] INFO  o.e.m.c.i.e.AbstractTransferListenerAdapter - Downloading https://repo.maven.apache.org/maven2/org/codehaus/plexus/plexus-components/1.1.7/plexus-components-1.1.7.pom
2022-11-10 15:19:50,829 [Worker-6: Installing artifact] INFO  o.e.m.c.i.e.AbstractTransferListenerAdapter - Downloaded https://repo.maven.apache.org/maven2/org/codehaus/plexus/plexus-components/1.1.7/plexus-components-1.1.7.pom
2022-11-10 15:19:50,843 [Worker-6: Installing artifact] INFO  o.e.m.c.i.e.AbstractTransferListenerAdapter - Downloaded http://nexusk8s.tjba.jus.br/repository/erebo/org/codehaus/plexus/plexus/1.0.8/plexus-1.0.8.pom
2022-11-10 15:19:50,854 [Worker-6: Installing artifact] INFO  o.e.m.c.i.e.AbstractTransferListenerAdapter - Downloaded http://nexusk8s.tjba.jus.br/repository/maven-public/org/codehaus/plexus/plexus/1.0.8/plexus-1.0.8.pom
2022-11-10 15:19:50,864 [Worker-6: Installing artifact] INFO  o.e.m.c.i.e.AbstractTransferListenerAdapter - Downloaded http://nexusk8s.tjba.jus.br/repository/node-public/org/codehaus/plexus/plexus/1.0.8/plexus-1.0.8.pom
2022-11-10 15:19:51,006 [Worker-6: Installing artifact] INFO  o.e.m.c.i.e.AbstractTransferListenerAdapter - Downloading https://repo.maven.apache.org/maven2/org/codehaus/plexus/plexus/1.0.8/plexus-1.0.8.pom
2022-11-10 15:19:51,152 [Worker-6: Installing artifact] INFO  o.e.m.c.i.e.AbstractTransferListenerAdapter - Downloaded https://repo.maven.apache.org/maven2/org/codehaus/plexus/plexus/1.0.8/plexus-1.0.8.pom
2022-11-10 15:19:51,159 [Worker-6: Installing artifact] INFO  o.e.m.c.i.e.AbstractTransferListenerAdapter - Downloaded http://nexusk8s.tjba.jus.br/repository/erebo/org/codehaus/plexus/plexus-container-default/1.0-alpha-8/plexus-container-default-1.0-alpha-8.pom
2022-11-10 15:19:51,162 [Worker-6: Installing artifact] INFO  o.e.m.c.i.e.AbstractTransferListenerAdapter - Downloaded http://nexusk8s.tjba.jus.br/repository/maven-public/org/codehaus/plexus/plexus-container-default/1.0-alpha-8/plexus-container-default-1.0-alpha-8.pom
2022-11-10 15:19:51,165 [Worker-6: Installing artifact] INFO  o.e.m.c.i.e.AbstractTransferListenerAdapter - Downloaded http://nexusk8s.tjba.jus.br/repository/node-public/org/codehaus/plexus/plexus-container-default/1.0-alpha-8/plexus-container-default-1.0-alpha-8.pom
2022-11-10 15:19:51,308 [Worker-6: Installing artifact] INFO  o.e.m.c.i.e.AbstractTransferListenerAdapter - Downloading https://repo.maven.apache.org/maven2/org/codehaus/plexus/plexus-container-default/1.0-alpha-8/plexus-container-default-1.0-alpha-8.pom
2022-11-10 15:19:51,455 [Worker-6: Installing artifact] INFO  o.e.m.c.i.e.AbstractTransferListenerAdapter - Downloaded https://repo.maven.apache.org/maven2/org/codehaus/plexus/plexus-container-default/1.0-alpha-8/plexus-container-default-1.0-alpha-8.pom
2022-11-10 15:19:51,474 [AetherRepositoryConnector-nexusk8s.tjba.jus.br-0-1] INFO  o.e.m.c.i.e.AbstractTransferListenerAdapter - Downloaded http://nexusk8s.tjba.jus.br/repository/erebo/org/apache/maven/maven-project/2.0.6/maven-project-2.0.6.jar
2022-11-10 15:19:51,474 [AetherRepositoryConnector-nexusk8s.tjba.jus.br-0-0] INFO  o.e.m.c.i.e.AbstractTransferListenerAdapter - Downloaded http://nexusk8s.tjba.jus.br/repository/erebo/org/apache/maven/maven-plugin-api/2.0.6/maven-plugin-api-2.0.6.jar
2022-11-10 15:19:51,475 [AetherRepositoryConnector-nexusk8s.tjba.jus.br-0-1] INFO  o.e.m.c.i.e.AbstractTransferListenerAdapter - Downloaded http://nexusk8s.tjba.jus.br/repository/erebo/org/codehaus/plexus/plexus-container-default/1.0-alpha-9-stable-1/plexus-container-default-1.0-alpha-9-stable-1.jar
2022-11-10 15:19:51,475 [AetherRepositoryConnector-nexusk8s.tjba.jus.br-0-2] INFO  o.e.m.c.i.e.AbstractTransferListenerAdapter - Downloaded http://nexusk8s.tjba.jus.br/repository/erebo/org/apache/maven/maven-settings/2.0.6/maven-settings-2.0.6.jar
2022-11-10 15:19:51,475 [AetherRepositoryConnector-nexusk8s.tjba.jus.br-0-0] INFO  o.e.m.c.i.e.AbstractTransferListenerAdapter - Downloaded http://nexusk8s.tjba.jus.br/repository/erebo/junit/junit/3.8.1/junit-3.8.1.jar
2022-11-10 15:19:51,477 [AetherRepositoryConnector-nexusk8s.tjba.jus.br-0-1] INFO  o.e.m.c.i.e.AbstractTransferListenerAdapter - Downloaded http://nexusk8s.tjba.jus.br/repository/erebo/classworlds/classworlds/1.1-alpha-2/classworlds-1.1-alpha-2.jar
2022-11-10 15:19:51,477 [AetherRepositoryConnector-nexusk8s.tjba.jus.br-0-0] INFO  o.e.m.c.i.e.AbstractTransferListenerAdapter - Downloaded http://nexusk8s.tjba.jus.br/repository/erebo/org/apache/maven/maven-artifact-manager/2.0.6/maven-artifact-manager-2.0.6.jar
2022-11-10 15:19:51,477 [AetherRepositoryConnector-nexusk8s.tjba.jus.br-0-2] INFO  o.e.m.c.i.e.AbstractTransferListenerAdapter - Downloaded http://nexusk8s.tjba.jus.br/repository/erebo/org/apache/maven/maven-model/2.0.6/maven-model-2.0.6.jar
2022-11-10 15:19:51,478 [AetherRepositoryConnector-nexusk8s.tjba.jus.br-0-1] INFO  o.e.m.c.i.e.AbstractTransferListenerAdapter - Downloaded http://nexusk8s.tjba.jus.br/repository/erebo/org/apache/maven/maven-repository-metadata/2.0.6/maven-repository-metadata-2.0.6.jar
2022-11-10 15:19:51,479 [AetherRepositoryConnector-nexusk8s.tjba.jus.br-0-0] INFO  o.e.m.c.i.e.AbstractTransferListenerAdapter - Downloaded http://nexusk8s.tjba.jus.br/repository/erebo/org/apache/maven/maven-artifact/2.0.6/maven-artifact-2.0.6.jar
2022-11-10 15:19:51,479 [AetherRepositoryConnector-nexusk8s.tjba.jus.br-0-2] INFO  o.e.m.c.i.e.AbstractTransferListenerAdapter - Downloaded http://nexusk8s.tjba.jus.br/repository/erebo/org/codehaus/plexus/plexus-utils/3.0.5/plexus-utils-3.0.5.jar
2022-11-10 15:19:51,480 [AetherRepositoryConnector-nexusk8s.tjba.jus.br-0-1] INFO  o.e.m.c.i.e.AbstractTransferListenerAdapter - Downloaded http://nexusk8s.tjba.jus.br/repository/erebo/org/codehaus/plexus/plexus-digest/1.0/plexus-digest-1.0.jar
2022-11-10 15:19:51,481 [AetherRepositoryConnector-nexusk8s.tjba.jus.br-0-4] INFO  o.e.m.c.i.e.AbstractTransferListenerAdapter - Downloaded http://nexusk8s.tjba.jus.br/repository/erebo/org/apache/maven/maven-plugin-registry/2.0.6/maven-plugin-registry-2.0.6.jar
2022-11-10 15:19:51,482 [AetherRepositoryConnector-nexusk8s.tjba.jus.br-0-3] INFO  o.e.m.c.i.e.AbstractTransferListenerAdapter - Downloaded http://nexusk8s.tjba.jus.br/repository/erebo/org/apache/maven/maven-profile/2.0.6/maven-profile-2.0.6.jar
2022-11-10 15:19:51,500 [AetherRepositoryConnector-nexusk8s.tjba.jus.br-1-0] INFO  o.e.m.c.i.e.AbstractTransferListenerAdapter - Downloaded http://nexusk8s.tjba.jus.br/repository/maven-public/org/apache/maven/maven-plugin-api/2.0.6/maven-plugin-api-2.0.6.jar
2022-11-10 15:19:51,500 [AetherRepositoryConnector-nexusk8s.tjba.jus.br-1-1] INFO  o.e.m.c.i.e.AbstractTransferListenerAdapter - Downloaded http://nexusk8s.tjba.jus.br/repository/maven-public/org/apache/maven/maven-project/2.0.6/maven-project-2.0.6.jar
2022-11-10 15:19:51,500 [AetherRepositoryConnector-nexusk8s.tjba.jus.br-1-2] INFO  o.e.m.c.i.e.AbstractTransferListenerAdapter - Downloaded http://nexusk8s.tjba.jus.br/repository/maven-public/org/apache/maven/maven-settings/2.0.6/maven-settings-2.0.6.jar
2022-11-10 15:19:51,502 [AetherRepositoryConnector-nexusk8s.tjba.jus.br-1-1] INFO  o.e.m.c.i.e.AbstractTransferListenerAdapter - Downloaded http://nexusk8s.tjba.jus.br/repository/maven-public/junit/junit/3.8.1/junit-3.8.1.jar
2022-11-10 15:19:51,502 [AetherRepositoryConnector-nexusk8s.tjba.jus.br-1-0] INFO  o.e.m.c.i.e.AbstractTransferListenerAdapter - Downloaded http://nexusk8s.tjba.jus.br/repository/maven-public/org/codehaus/plexus/plexus-container-default/1.0-alpha-9-stable-1/plexus-container-default-1.0-alpha-9-stable-1.jar
2022-11-10 15:19:51,502 [AetherRepositoryConnector-nexusk8s.tjba.jus.br-1-2] INFO  o.e.m.c.i.e.AbstractTransferListenerAdapter - Downloaded http://nexusk8s.tjba.jus.br/repository/maven-public/classworlds/classworlds/1.1-alpha-2/classworlds-1.1-alpha-2.jar
2022-11-10 15:19:51,504 [AetherRepositoryConnector-nexusk8s.tjba.jus.br-1-0] INFO  o.e.m.c.i.e.AbstractTransferListenerAdapter - Downloaded http://nexusk8s.tjba.jus.br/repository/maven-public/org/apache/maven/maven-artifact-manager/2.0.6/maven-artifact-manager-2.0.6.jar
2022-11-10 15:19:51,504 [AetherRepositoryConnector-nexusk8s.tjba.jus.br-1-1] INFO  o.e.m.c.i.e.AbstractTransferListenerAdapter - Downloaded http://nexusk8s.tjba.jus.br/repository/maven-public/org/apache/maven/maven-model/2.0.6/maven-model-2.0.6.jar
2022-11-10 15:19:51,507 [AetherRepositoryConnector-nexusk8s.tjba.jus.br-1-0] INFO  o.e.m.c.i.e.AbstractTransferListenerAdapter - Downloaded http://nexusk8s.tjba.jus.br/repository/maven-public/org/apache/maven/maven-artifact/2.0.6/maven-artifact-2.0.6.jar
2022-11-10 15:19:51,507 [AetherRepositoryConnector-nexusk8s.tjba.jus.br-1-1] INFO  o.e.m.c.i.e.AbstractTransferListenerAdapter - Downloaded http://nexusk8s.tjba.jus.br/repository/maven-public/org/codehaus/plexus/plexus-utils/3.0.5/plexus-utils-3.0.5.jar
2022-11-10 15:19:51,507 [AetherRepositoryConnector-nexusk8s.tjba.jus.br-1-2] INFO  o.e.m.c.i.e.AbstractTransferListenerAdapter - Downloaded http://nexusk8s.tjba.jus.br/repository/maven-public/org/apache/maven/maven-repository-metadata/2.0.6/maven-repository-metadata-2.0.6.jar
2022-11-10 15:19:51,508 [AetherRepositoryConnector-nexusk8s.tjba.jus.br-1-0] INFO  o.e.m.c.i.e.AbstractTransferListenerAdapter - Downloaded http://nexusk8s.tjba.jus.br/repository/maven-public/org/codehaus/plexus/plexus-digest/1.0/plexus-digest-1.0.jar
2022-11-10 15:19:51,508 [AetherRepositoryConnector-nexusk8s.tjba.jus.br-1-3] INFO  o.e.m.c.i.e.AbstractTransferListenerAdapter - Downloaded http://nexusk8s.tjba.jus.br/repository/maven-public/org/apache/maven/maven-profile/2.0.6/maven-profile-2.0.6.jar
2022-11-10 15:19:51,509 [AetherRepositoryConnector-nexusk8s.tjba.jus.br-1-4] INFO  o.e.m.c.i.e.AbstractTransferListenerAdapter - Downloaded http://nexusk8s.tjba.jus.br/repository/maven-public/org/apache/maven/maven-plugin-registry/2.0.6/maven-plugin-registry-2.0.6.jar
2022-11-10 15:19:51,526 [AetherRepositoryConnector-nexusk8s.tjba.jus.br-2-3] INFO  o.e.m.c.i.e.AbstractTransferListenerAdapter - Downloaded http://nexusk8s.tjba.jus.br/repository/node-public/org/apache/maven/maven-profile/2.0.6/maven-profile-2.0.6.jar
2022-11-10 15:19:51,527 [AetherRepositoryConnector-nexusk8s.tjba.jus.br-2-1] INFO  o.e.m.c.i.e.AbstractTransferListenerAdapter - Downloaded http://nexusk8s.tjba.jus.br/repository/node-public/org/apache/maven/maven-project/2.0.6/maven-project-2.0.6.jar
2022-11-10 15:19:51,527 [AetherRepositoryConnector-nexusk8s.tjba.jus.br-2-4] INFO  o.e.m.c.i.e.AbstractTransferListenerAdapter - Downloaded http://nexusk8s.tjba.jus.br/repository/node-public/org/apache/maven/maven-plugin-registry/2.0.6/maven-plugin-registry-2.0.6.jar
2022-11-10 15:19:51,528 [AetherRepositoryConnector-nexusk8s.tjba.jus.br-2-3] INFO  o.e.m.c.i.e.AbstractTransferListenerAdapter - Downloaded http://nexusk8s.tjba.jus.br/repository/node-public/org/codehaus/plexus/plexus-container-default/1.0-alpha-9-stable-1/plexus-container-default-1.0-alpha-9-stable-1.jar
2022-11-10 15:19:51,528 [AetherRepositoryConnector-nexusk8s.tjba.jus.br-2-1] INFO  o.e.m.c.i.e.AbstractTransferListenerAdapter - Downloaded http://nexusk8s.tjba.jus.br/repository/node-public/junit/junit/3.8.1/junit-3.8.1.jar
2022-11-10 15:19:51,529 [AetherRepositoryConnector-nexusk8s.tjba.jus.br-2-4] INFO  o.e.m.c.i.e.AbstractTransferListenerAdapter - Downloaded http://nexusk8s.tjba.jus.br/repository/node-public/classworlds/classworlds/1.1-alpha-2/classworlds-1.1-alpha-2.jar
2022-11-10 15:19:51,529 [AetherRepositoryConnector-nexusk8s.tjba.jus.br-2-3] INFO  o.e.m.c.i.e.AbstractTransferListenerAdapter - Downloaded http://nexusk8s.tjba.jus.br/repository/node-public/org/apache/maven/maven-model/2.0.6/maven-model-2.0.6.jar
2022-11-10 15:19:51,530 [AetherRepositoryConnector-nexusk8s.tjba.jus.br-2-1] INFO  o.e.m.c.i.e.AbstractTransferListenerAdapter - Downloaded http://nexusk8s.tjba.jus.br/repository/node-public/org/apache/maven/maven-artifact-manager/2.0.6/maven-artifact-manager-2.0.6.jar
2022-11-10 15:19:51,531 [AetherRepositoryConnector-nexusk8s.tjba.jus.br-2-3] INFO  o.e.m.c.i.e.AbstractTransferListenerAdapter - Downloaded http://nexusk8s.tjba.jus.br/repository/node-public/org/apache/maven/maven-artifact/2.0.6/maven-artifact-2.0.6.jar
2022-11-10 15:19:51,532 [AetherRepositoryConnector-nexusk8s.tjba.jus.br-2-4] INFO  o.e.m.c.i.e.AbstractTransferListenerAdapter - Downloaded http://nexusk8s.tjba.jus.br/repository/node-public/org/apache/maven/maven-repository-metadata/2.0.6/maven-repository-metadata-2.0.6.jar
2022-11-10 15:19:51,532 [AetherRepositoryConnector-nexusk8s.tjba.jus.br-2-1] INFO  o.e.m.c.i.e.AbstractTransferListenerAdapter - Downloaded http://nexusk8s.tjba.jus.br/repository/node-public/org/codehaus/plexus/plexus-utils/3.0.5/plexus-utils-3.0.5.jar
2022-11-10 15:19:51,532 [AetherRepositoryConnector-nexusk8s.tjba.jus.br-2-0] INFO  o.e.m.c.i.e.AbstractTransferListenerAdapter - Downloaded http://nexusk8s.tjba.jus.br/repository/node-public/org/apache/maven/maven-plugin-api/2.0.6/maven-plugin-api-2.0.6.jar
2022-11-10 15:19:51,533 [AetherRepositoryConnector-nexusk8s.tjba.jus.br-2-3] INFO  o.e.m.c.i.e.AbstractTransferListenerAdapter - Downloaded http://nexusk8s.tjba.jus.br/repository/node-public/org/codehaus/plexus/plexus-digest/1.0/plexus-digest-1.0.jar
2022-11-10 15:19:51,534 [AetherRepositoryConnector-nexusk8s.tjba.jus.br-2-2] INFO  o.e.m.c.i.e.AbstractTransferListenerAdapter - Downloaded http://nexusk8s.tjba.jus.br/repository/node-public/org/apache/maven/maven-settings/2.0.6/maven-settings-2.0.6.jar
2022-11-10 15:19:51,685 [AetherRepositoryConnector-repo.maven.apache.org-3-0] INFO  o.e.m.c.i.e.AbstractTransferListenerAdapter - Downloading https://repo.maven.apache.org/maven2/org/apache/maven/maven-plugin-api/2.0.6/maven-plugin-api-2.0.6.jar
2022-11-10 15:19:51,818 [AetherRepositoryConnector-repo.maven.apache.org-3-4] INFO  o.e.m.c.i.e.AbstractTransferListenerAdapter - Downloading https://repo.maven.apache.org/maven2/org/apache/maven/maven-plugin-registry/2.0.6/maven-plugin-registry-2.0.6.jar
2022-11-10 15:19:51,819 [AetherRepositoryConnector-repo.maven.apache.org-3-2] INFO  o.e.m.c.i.e.AbstractTransferListenerAdapter - Downloading https://repo.maven.apache.org/maven2/org/apache/maven/maven-settings/2.0.6/maven-settings-2.0.6.jar
2022-11-10 15:19:51,819 [AetherRepositoryConnector-repo.maven.apache.org-3-3] INFO  o.e.m.c.i.e.AbstractTransferListenerAdapter - Downloading https://repo.maven.apache.org/maven2/org/apache/maven/maven-profile/2.0.6/maven-profile-2.0.6.jar
2022-11-10 15:19:51,875 [AetherRepositoryConnector-repo.maven.apache.org-3-1] INFO  o.e.m.c.i.e.AbstractTransferListenerAdapter - Downloading https://repo.maven.apache.org/maven2/org/apache/maven/maven-project/2.0.6/maven-project-2.0.6.jar
2022-11-10 15:19:52,001 [AetherRepositoryConnector-repo.maven.apache.org-3-0] INFO  o.e.m.c.i.e.AbstractTransferListenerAdapter - Downloaded https://repo.maven.apache.org/maven2/org/apache/maven/maven-plugin-api/2.0.6/maven-plugin-api-2.0.6.jar
2022-11-10 15:19:52,132 [AetherRepositoryConnector-repo.maven.apache.org-3-4] INFO  o.e.m.c.i.e.AbstractTransferListenerAdapter - Downloaded https://repo.maven.apache.org/maven2/org/apache/maven/maven-plugin-registry/2.0.6/maven-plugin-registry-2.0.6.jar
2022-11-10 15:19:52,144 [AetherRepositoryConnector-repo.maven.apache.org-3-3] INFO  o.e.m.c.i.e.AbstractTransferListenerAdapter - Downloaded https://repo.maven.apache.org/maven2/org/apache/maven/maven-profile/2.0.6/maven-profile-2.0.6.jar
2022-11-10 15:19:52,155 [AetherRepositoryConnector-repo.maven.apache.org-3-0] INFO  o.e.m.c.i.e.AbstractTransferListenerAdapter - Downloading https://repo.maven.apache.org/maven2/org/codehaus/plexus/plexus-container-default/1.0-alpha-9-stable-1/plexus-container-default-1.0-alpha-9-stable-1.jar
2022-11-10 15:19:52,306 [AetherRepositoryConnector-repo.maven.apache.org-3-2] INFO  o.e.m.c.i.e.AbstractTransferListenerAdapter - Downloaded https://repo.maven.apache.org/maven2/org/apache/maven/maven-settings/2.0.6/maven-settings-2.0.6.jar
2022-11-10 15:19:52,310 [AetherRepositoryConnector-repo.maven.apache.org-3-4] INFO  o.e.m.c.i.e.AbstractTransferListenerAdapter - Downloading https://repo.maven.apache.org/maven2/junit/junit/3.8.1/junit-3.8.1.jar
2022-11-10 15:19:52,330 [AetherRepositoryConnector-repo.maven.apache.org-3-3] INFO  o.e.m.c.i.e.AbstractTransferListenerAdapter - Downloading https://repo.maven.apache.org/maven2/classworlds/classworlds/1.1-alpha-2/classworlds-1.1-alpha-2.jar
2022-11-10 15:19:52,333 [AetherRepositoryConnector-repo.maven.apache.org-3-1] INFO  o.e.m.c.i.e.AbstractTransferListenerAdapter - Downloaded https://repo.maven.apache.org/maven2/org/apache/maven/maven-project/2.0.6/maven-project-2.0.6.jar
2022-11-10 15:19:52,446 [AetherRepositoryConnector-repo.maven.apache.org-3-2] INFO  o.e.m.c.i.e.AbstractTransferListenerAdapter - Downloading https://repo.maven.apache.org/maven2/org/apache/maven/maven-model/2.0.6/maven-model-2.0.6.jar
2022-11-10 15:19:52,448 [AetherRepositoryConnector-repo.maven.apache.org-3-0] INFO  o.e.m.c.i.e.AbstractTransferListenerAdapter - Downloaded https://repo.maven.apache.org/maven2/org/codehaus/plexus/plexus-container-default/1.0-alpha-9-stable-1/plexus-container-default-1.0-alpha-9-stable-1.jar
2022-11-10 15:19:52,479 [AetherRepositoryConnector-repo.maven.apache.org-3-4] INFO  o.e.m.c.i.e.AbstractTransferListenerAdapter - Downloaded https://repo.maven.apache.org/maven2/junit/junit/3.8.1/junit-3.8.1.jar
2022-11-10 15:19:52,506 [AetherRepositoryConnector-repo.maven.apache.org-3-1] INFO  o.e.m.c.i.e.AbstractTransferListenerAdapter - Downloading https://repo.maven.apache.org/maven2/org/apache/maven/maven-artifact-manager/2.0.6/maven-artifact-manager-2.0.6.jar
2022-11-10 15:19:52,584 [AetherRepositoryConnector-repo.maven.apache.org-3-3] INFO  o.e.m.c.i.e.AbstractTransferListenerAdapter - Downloaded https://repo.maven.apache.org/maven2/classworlds/classworlds/1.1-alpha-2/classworlds-1.1-alpha-2.jar
2022-11-10 15:19:52,588 [AetherRepositoryConnector-repo.maven.apache.org-3-0] INFO  o.e.m.c.i.e.AbstractTransferListenerAdapter - Downloading https://repo.maven.apache.org/maven2/org/apache/maven/maven-repository-metadata/2.0.6/maven-repository-metadata-2.0.6.jar
2022-11-10 15:19:52,609 [AetherRepositoryConnector-repo.maven.apache.org-3-2] INFO  o.e.m.c.i.e.AbstractTransferListenerAdapter - Downloaded https://repo.maven.apache.org/maven2/org/apache/maven/maven-model/2.0.6/maven-model-2.0.6.jar
2022-11-10 15:19:52,646 [AetherRepositoryConnector-repo.maven.apache.org-3-4] INFO  o.e.m.c.i.e.AbstractTransferListenerAdapter - Downloading https://repo.maven.apache.org/maven2/org/apache/maven/maven-artifact/2.0.6/maven-artifact-2.0.6.jar
2022-11-10 15:19:52,718 [AetherRepositoryConnector-repo.maven.apache.org-3-1] INFO  o.e.m.c.i.e.AbstractTransferListenerAdapter - Downloaded https://repo.maven.apache.org/maven2/org/apache/maven/maven-artifact-manager/2.0.6/maven-artifact-manager-2.0.6.jar
2022-11-10 15:19:52,722 [AetherRepositoryConnector-repo.maven.apache.org-3-3] INFO  o.e.m.c.i.e.AbstractTransferListenerAdapter - Downloading https://repo.maven.apache.org/maven2/org/codehaus/plexus/plexus-utils/3.0.5/plexus-utils-3.0.5.jar
2022-11-10 15:19:52,756 [AetherRepositoryConnector-repo.maven.apache.org-3-0] INFO  o.e.m.c.i.e.AbstractTransferListenerAdapter - Downloaded https://repo.maven.apache.org/maven2/org/apache/maven/maven-repository-metadata/2.0.6/maven-repository-metadata-2.0.6.jar
2022-11-10 15:19:52,782 [AetherRepositoryConnector-repo.maven.apache.org-3-2] INFO  o.e.m.c.i.e.AbstractTransferListenerAdapter - Downloading https://repo.maven.apache.org/maven2/org/codehaus/plexus/plexus-digest/1.0/plexus-digest-1.0.jar
2022-11-10 15:19:52,859 [AetherRepositoryConnector-repo.maven.apache.org-3-4] INFO  o.e.m.c.i.e.AbstractTransferListenerAdapter - Downloaded https://repo.maven.apache.org/maven2/org/apache/maven/maven-artifact/2.0.6/maven-artifact-2.0.6.jar
2022-11-10 15:19:52,916 [AetherRepositoryConnector-repo.maven.apache.org-3-3] INFO  o.e.m.c.i.e.AbstractTransferListenerAdapter - Downloaded https://repo.maven.apache.org/maven2/org/codehaus/plexus/plexus-utils/3.0.5/plexus-utils-3.0.5.jar
2022-11-10 15:19:52,997 [AetherRepositoryConnector-repo.maven.apache.org-3-2] INFO  o.e.m.c.i.e.AbstractTransferListenerAdapter - Downloaded https://repo.maven.apache.org/maven2/org/codehaus/plexus/plexus-digest/1.0/plexus-digest-1.0.jar
2022-11-10 15:19:53,095 [Worker-6: Installing artifact] ERROR o.e.m.c.u.i.w.MavenInstallFileWizard - Execution error; org.apache.maven.lifecycle.LifecycleExecutionException: Failed to execute goal [32morg.apache.maven.plugins:maven-install-plugin:2.4:install-file[m [1m(default-cli)[m on project [36mstandalone-pom[m: [1;31mThe artifact information is incomplete or not valid:
  [0]  'groupId' is missing.
  [1]  'artifactId' is missing.
  [2]  'packaging' is missing.
[m
org.apache.maven.lifecycle.LifecycleExecutionException: Failed to execute goal [32morg.apache.maven.plugins:maven-install-plugin:2.4:install-file[m [1m(default-cli)[m on project [36mstandalone-pom[m: [1;31mThe artifact information is incomplete or not valid:
  [0]  'groupId' is missing.
  [1]  'artifactId' is missing.
  [2]  'packaging' is missing.
[m
	at org.apache.maven.lifecycle.internal.MojoExecutor.execute(MojoExecutor.java:215)
	at org.apache.maven.lifecycle.internal.MojoExecutor.execute(MojoExecutor.java:156)
	at org.apache.maven.lifecycle.internal.MojoExecutor.execute(MojoExecutor.java:148)
	at org.apache.maven.lifecycle.internal.LifecycleModuleBuilder.buildProject(LifecycleModuleBuilder.java:117)
	at org.apache.maven.lifecycle.internal.LifecycleModuleBuilder.buildProject(LifecycleModuleBuilder.java:81)
	at org.apache.maven.lifecycle.internal.builder.singlethreaded.SingleThreadedBuilder.build(SingleThreadedBuilder.java:56)
	at org.apache.maven.lifecycle.internal.LifecycleStarter.execute(LifecycleStarter.java:128)
	at org.apache.maven.DefaultMaven.doExecute(DefaultMaven.java:305)
	at org.apache.maven.DefaultMaven.doExecute(DefaultMaven.java:192)
	at org.apache.maven.DefaultMaven.execute(DefaultMaven.java:105)
	at org.eclipse.m2e.core.internal.embedder.MavenImpl.execute(MavenImpl.java:287)
	at org.eclipse.m2e.core.ui.internal.wizards.MavenInstallFileWizard$1.run(MavenInstallFileWizard.java:113)
	at org.eclipse.core.internal.jobs.Worker.run(Worker.java:63)
Caused by: org.apache.maven.plugin.MojoExecutionException: The artifact information is incomplete or not valid:
  [0]  'groupId' is missing.
  [1]  'artifactId' is missing.
  [2]  'packaging' is missing.

	at org.apache.maven.plugin.install.InstallFileMojo.validateArtifactInformation(InstallFileMojo.java:386)
	at org.apache.maven.plugin.install.InstallFileMojo.execute(InstallFileMojo.java:207)
	at org.apache.maven.plugin.DefaultBuildPluginManager.executeMojo(DefaultBuildPluginManager.java:137)
	at org.apache.maven.lifecycle.internal.MojoExecutor.execute(MojoExecutor.java:210)
	... 12 common frames omitted
